TN:
SF:C:\.dev\EasyCryptoSalt\EasyCryptoSalt\Crypto.cs
FN:25,get_Instance()
FN:68,GetHashKey()
FN:85,GetAuthSalt()
FN:103,Encrypt(System.String)
FN:131,Verify(System.String,System.String)
FN:157,GenerateSalt()
FN:40,.ctor()
FN:53,.ctor(Microsoft.Extensions.Options.IOptions`1<EasyCryptoSalt.CryptoOptions>)
FN:15,.cctor()
FNDA:5,get_Instance()
FNDA:1,GetHashKey()
FNDA:1,GetAuthSalt()
FNDA:11,Encrypt(System.String)
FNDA:8,Verify(System.String,System.String)
FNDA:11,GenerateSalt()
FNDA:1,.ctor()
FNDA:8,.ctor(Microsoft.Extensions.Options.IOptions`1<EasyCryptoSalt.CryptoOptions>)
FNDA:1,.cctor()
FNF:9
FNH:9
BRDA:27,27,0,1
BRDA:27,27,1,1
BRDA:69,69,2,1
BRDA:69,69,3,-
BRDA:73,73,4,1
BRDA:73,73,5,1
BRDA:73,73,6,1
BRDA:73,73,7,-
BRDA:73,73,8,-
BRDA:73,73,9,-
BRDA:86,86,10,1
BRDA:86,86,11,-
BRDA:90,90,12,1
BRDA:90,90,13,1
BRDA:90,90,14,1
BRDA:90,90,15,-
BRDA:90,90,16,-
BRDA:90,90,17,-
BRDA:55,55,18,1
BRDA:55,55,19,1
BRDA:55,55,20,1
BRDA:55,55,21,1
BRDA:55,55,22,-
BRDA:55,55,23,-
BRDA:58,58,24,1
BRDA:58,58,25,1
BRDA:58,58,26,1
BRDA:58,58,27,1
BRDA:58,58,28,-
BRDA:58,58,29,-
BRF:30
BRH:18
DA:15,1
DA:25,5
DA:27,5
DA:29,1
DA:32,5
DA:34,5
DA:40,1
DA:42,1
DA:43,1
DA:44,1
DA:45,1
DA:46,1
DA:47,1
DA:53,8
DA:55,8
DA:56,7
DA:57,7
DA:58,7
DA:59,6
DA:60,6
DA:68,1
DA:69,1
DA:71,1
DA:72,1
DA:73,1
DA:74,1
DA:76,0
DA:85,1
DA:86,1
DA:88,1
DA:89,1
DA:90,1
DA:91,1
DA:93,0
DA:103,11
DA:104,11
DA:105,11
DA:106,11
DA:107,11
DA:108,11
DA:109,11
DA:110,11
DA:112,11
DA:114,11
DA:115,11
DA:116,11
DA:117,11
DA:119,11
DA:121,11
DA:131,8
DA:132,8
DA:133,8
DA:134,8
DA:135,8
DA:136,8
DA:137,8
DA:138,8
DA:139,8
DA:140,8
DA:141,8
DA:142,8
DA:144,8
DA:146,8
DA:147,8
DA:149,8
DA:157,11
DA:158,11
DA:160,11
DA:161,11
DA:162,11
LH:68
LF:70
end_of_record
SF:C:\.dev\EasyCryptoSalt\EasyCryptoSalt\Options\CryptoOptions.cs
FN:11,get_Key()
FN:12,get_AuthSalt()
FNDA:23,get_Key()
FNDA:22,get_AuthSalt()
FNF:2
FNH:2
BRF:0
BRH:0
DA:11,23
DA:12,22
LH:2
LF:2
end_of_record
